0 info it worked if it ends with ok
1 verbose cli [
1 verbose cli   'C:\\Program Files\\nodejs\\node.exe',
1 verbose cli   'C:\\Users\\SAI SRIDHAR\\AppData\\Roaming\\npm\\node_modules\\npm\\bin\\npm-cli.js',
1 verbose cli   'start'
1 verbose cli ]
2 info using npm@4.0.0
3 info using node@v18.14.2
4 verbose stack Error: ENOENT: no such file or directory, open 'C:\Users\SAI SRIDHAR\Desktop\proj\package.json'
5 verbose cwd C:\Users\SAI SRIDHAR\Desktop\proj
6 error Windows_NT 10.0.19044
7 error argv "C:\\Program Files\\nodejs\\node.exe" "C:\\Users\\SAI SRIDHAR\\AppData\\Roaming\\npm\\node_modules\\npm\\bin\\npm-cli.js" "start"
8 error node v18.14.2
9 error npm  v4.0.0
10 error path C:\Users\SAI SRIDHAR\Desktop\proj\package.json
11 error code ENOENT
12 error errno -4058
13 error syscall open
14 error enoent ENOENT: no such file or directory, open 'C:\Users\SAI SRIDHAR\Desktop\proj\package.json'
15 error enoent ENOENT: no such file or directory, open 'C:\Users\SAI SRIDHAR\Desktop\proj\package.json'
15 error enoent This is most likely not a problem with npm itself
15 error enoent and is related to npm not being able to find a file.
16 verbose exit [ -4058, true ]
